2025-07-23 17:00:57 - INFO - 導航到登入頁面: http://192.168.123.85
2025-07-23 17:00:58 - INFO - 等待並點擊 'Admin' 圖示...
2025-07-23 17:00:58 - INFO - 'Admin' 圖示已點擊。
2025-07-23 17:00:58 - INFO - 等待彈出框的密碼輸入框出現...
2025-07-23 17:00:58 - INFO - 輸入密碼....
2025-07-23 17:00:58 - INFO - 等待並點擊彈出框的登入/確認按鈕...
2025-07-23 17:00:58 - INFO - 嘗試判斷登入結果...
2025-07-23 17:00:59 - INFO - 登入成功!已導向新頁面。
2025-07-23 17:01:02 - INFO - 點擊[Sysmte Management]...
2025-07-23 17:01:05 - INFO - 點擊[Firmware Upgrade]... 
2025-07-23 17:01:08 - INFO - 上傳韌體檔案: C:\Users\Chase\Desktop\WEB_auto_test\Thecus_x86_64_FW.2.06.02.10_build9703
2025-07-23 17:01:13 - INFO - 點擊[Apply]按鈕...
2025-07-23 17:01:15 - INFO - 點擊韌體升級彈出窗的第一個[Next]按鈕...
2025-07-23 17:01:25 - INFO - 等待 'Extracting and verifying firmware...'訊息消失
2025-07-23 17:01:25 - INFO - 'Extracting and verifying firmware...'訊息已消失, 準備點擊第二個[Next]。
2025-07-23 17:01:27 - INFO - 點擊韌體升級彈出窗的第二個[Next]按鈕...
2025-07-23 17:01:27 - INFO - 第二個[Next]按鈕已點擊。
2025-07-23 17:01:29 - INFO - 等待韌體升級進度條完成...
2025-07-23 17:01:30 - INFO - 韌體升級進度條已完成。
2025-07-23 17:01:50 - INFO - 等待 'Firmware Successfully Upgraded' 訊息
2025-07-23 17:01:50 - INFO - 'Firmware Successfully Upgraded' 訊息已出現。
2025-07-23 17:01:52 - INFO - 點擊[Firmware Successfully Upgraded]視窗中的[Continue]按鈕...
2025-07-23 17:02:03 - INFO - 點擊[Reboot]按鈕...
2025-07-23 17:02:05 - INFO - 點擊[Reboot]確認視窗中的[Yes]按鈕...
2025-07-23 17:02:05 - INFO - [Yes]按鈕已點擊。
